<?xml version="1.0" encoding="UTF-8"?>
<testsuite xmlns:xsi="http://www.w3.org/2001/XMLSchema-instance" xsi:noNamespaceSchemaLocation="https://maven.apache.org/surefire/maven-surefire-plugin/xsd/surefire-test-report-3.0.xsd" version="3.0" name="com.spotify.oauth2.tests.PlaylistTests" time="7.572" tests="5" errors="0" skipped="0" failures="0">
  <properties>
    <property name="java.specification.version" value="18"/>
    <property name="sun.cpu.isalist" value="amd64"/>
    <property name="sun.jnu.encoding" value="Cp1252"/>
    <property name="java.class.path" value="D:\RestAssured\Omprakash\RestAssuredFramework\target\test-classes;D:\RestAssured\Omprakash\RestAssuredFramework\target\classes;C:\Users\Tariq\.m2\repository\io\rest-assured\rest-assured\5.5.0\rest-assured-5.5.0.jar;C:\Users\Tariq\.m2\repository\org\apache\groovy\groovy\4.0.22\groovy-4.0.22.jar;C:\Users\Tariq\.m2\repository\org\apache\groovy\groovy-xml\4.0.22\groovy-xml-4.0.22.jar;C:\Users\Tariq\.m2\repository\org\apache\httpcomponents\httpclient\4.5.13\httpclient-4.5.13.jar;C:\Users\Tariq\.m2\repository\org\apache\httpcomponents\httpcore\4.4.13\httpcore-4.4.13.jar;C:\Users\Tariq\.m2\repository\commons-logging\commons-logging\1.2\commons-logging-1.2.jar;C:\Users\Tariq\.m2\repository\commons-codec\commons-codec\1.11\commons-codec-1.11.jar;C:\Users\Tariq\.m2\repository\org\apache\httpcomponents\httpmime\4.5.13\httpmime-4.5.13.jar;C:\Users\Tariq\.m2\repository\org\hamcrest\hamcrest\2.2\hamcrest-2.2.jar;C:\Users\Tariq\.m2\repository\org\ccil\cowan\tagsoup\tagsoup\1.2.1\tagsoup-1.2.1.jar;C:\Users\Tariq\.m2\repository\io\rest-assured\json-path\5.5.0\json-path-5.5.0.jar;C:\Users\Tariq\.m2\repository\org\apache\groovy\groovy-json\4.0.22\groovy-json-4.0.22.jar;C:\Users\Tariq\.m2\repository\io\rest-assured\rest-assured-common\5.5.0\rest-assured-common-5.5.0.jar;C:\Users\Tariq\.m2\repository\io\rest-assured\xml-path\5.5.0\xml-path-5.5.0.jar;C:\Users\Tariq\.m2\repository\org\apache\commons\commons-lang3\3.11\commons-lang3-3.11.jar;C:\Users\Tariq\.m2\repository\org\testng\testng\7.10.2\testng-7.10.2.jar;C:\Users\Tariq\.m2\repository\org\slf4j\slf4j-api\1.7.36\slf4j-api-1.7.36.jar;C:\Users\Tariq\.m2\repository\com\beust\jcommander\1.82\jcommander-1.82.jar;C:\Users\Tariq\.m2\repository\org\webjars\jquery\3.7.1\jquery-3.7.1.jar;C:\Users\Tariq\.m2\repository\com\fasterxml\jackson\core\jackson-databind\2.18.0\jackson-databind-2.18.0.jar;C:\Users\Tariq\.m2\repository\com\fasterxml\jackson\core\jackson-annotations\2.18.0\jackson-annotations-2.18.0.jar;C:\Users\Tariq\.m2\repository\com\fasterxml\jackson\core\jackson-core\2.18.0\jackson-core-2.18.0.jar;C:\Users\Tariq\.m2\repository\io\rest-assured\json-schema-validator\5.4.0\json-schema-validator-5.4.0.jar;C:\Users\Tariq\.m2\repository\com\github\java-json-tools\json-schema-validator\2.2.14\json-schema-validator-2.2.14.jar;C:\Users\Tariq\.m2\repository\com\github\java-json-tools\jackson-coreutils-equivalence\1.0\jackson-coreutils-equivalence-1.0.jar;C:\Users\Tariq\.m2\repository\com\github\java-json-tools\jackson-coreutils\2.0\jackson-coreutils-2.0.jar;C:\Users\Tariq\.m2\repository\com\github\java-json-tools\msg-simple\1.2\msg-simple-1.2.jar;C:\Users\Tariq\.m2\repository\com\github\java-json-tools\btf\1.3\btf-1.3.jar;C:\Users\Tariq\.m2\repository\com\github\java-json-tools\json-schema-core\1.2.14\json-schema-core-1.2.14.jar;C:\Users\Tariq\.m2\repository\com\github\java-json-tools\uri-template\0.10\uri-template-0.10.jar;C:\Users\Tariq\.m2\repository\org\mozilla\rhino\1.7.7.2\rhino-1.7.7.2.jar;C:\Users\Tariq\.m2\repository\com\sun\mail\mailapi\1.6.2\mailapi-1.6.2.jar;C:\Users\Tariq\.m2\repository\joda-time\joda-time\2.10.5\joda-time-2.10.5.jar;C:\Users\Tariq\.m2\repository\com\googlecode\libphonenumber\libphonenumber\8.11.1\libphonenumber-8.11.1.jar;C:\Users\Tariq\.m2\repository\com\google\code\findbugs\jsr305\3.0.2\jsr305-3.0.2.jar;C:\Users\Tariq\.m2\repository\net\sf\jopt-simple\jopt-simple\5.0.4\jopt-simple-5.0.4.jar;C:\Users\Tariq\.m2\repository\com\google\guava\guava\32.0.1-jre\guava-32.0.1-jre.jar;C:\Users\Tariq\.m2\repository\com\google\guava\failureaccess\1.0.1\failureaccess-1.0.1.jar;C:\Users\Tariq\.m2\repository\com\google\guava\listenablefuture\9999.0-empty-to-avoid-conflict-with-guava\listenablefuture-9999.0-empty-to-avoid-conflict-with-guava.jar;C:\Users\Tariq\.m2\repository\org\checkerframework\checker-qual\3.33.0\checker-qual-3.33.0.jar;C:\Users\Tariq\.m2\repository\com\google\errorprone\error_prone_annotations\2.18.0\error_prone_annotations-2.18.0.jar;C:\Users\Tariq\.m2\repository\com\google\j2objc\j2objc-annotations\2.8\j2objc-annotations-2.8.jar;C:\Users\Tariq\.m2\repository\org\skyscreamer\jsonassert\1.5.3\jsonassert-1.5.3.jar;C:\Users\Tariq\.m2\repository\com\vaadin\external\google\android-json\0.0.20131108.vaadin1\android-json-0.0.20131108.vaadin1.jar;C:\Users\Tariq\.m2\repository\org\projectlombok\lombok\1.18.34\lombok-1.18.34.jar;C:\Users\Tariq\.m2\repository\io\qameta\allure\allure-testng\2.29.0\allure-testng-2.29.0.jar;C:\Users\Tariq\.m2\repository\io\qameta\allure\allure-java-commons\2.29.0\allure-java-commons-2.29.0.jar;C:\Users\Tariq\.m2\repository\io\qameta\allure\allure-model\2.29.0\allure-model-2.29.0.jar;C:\Users\Tariq\.m2\repository\io\qameta\allure\allure-test-filter\2.29.0\allure-test-filter-2.29.0.jar;C:\Users\Tariq\.m2\repository\io\qameta\allure\allure-rest-assured\2.29.0\allure-rest-assured-2.29.0.jar;C:\Users\Tariq\.m2\repository\io\qameta\allure\allure-attachments\2.29.0\allure-attachments-2.29.0.jar;C:\Users\Tariq\.m2\repository\org\freemarker\freemarker\2.3.33\freemarker-2.3.33.jar;"/>
    <property name="java.vm.vendor" value="Oracle Corporation"/>
    <property name="sun.arch.data.model" value="64"/>
    <property name="user.variant" value=""/>
    <property name="java.vendor.url" value="https://java.oracle.com/"/>
    <property name="user.timezone" value="Asia/Calcutta"/>
    <property name="os.name" value="Windows 11"/>
    <property name="java.vm.specification.version" value="18"/>
    <property name="sun.java.launcher" value="SUN_STANDARD"/>
    <property name="user.country" value="IN"/>
    <property name="sun.boot.library.path" value="C:\Program Files\Java\jdk-18.0.1.1\bin"/>
    <property name="sun.java.command" value="C:\Users\Tariq\AppData\Local\Temp\surefire15580667044406056698\surefirebooter-20241102134513330_3.jar C:\Users\Tariq\AppData\Local\Temp\surefire15580667044406056698 2024-11-02T13-45-13_179-jvmRun1 surefire-20241102134513330_1tmp surefire_0-20241102134513330_2tmp"/>
    <property name="jdk.debug" value="release"/>
    <property name="surefire.test.class.path" value="D:\RestAssured\Omprakash\RestAssuredFramework\target\test-classes;D:\RestAssured\Omprakash\RestAssuredFramework\target\classes;C:\Users\Tariq\.m2\repository\io\rest-assured\rest-assured\5.5.0\rest-assured-5.5.0.jar;C:\Users\Tariq\.m2\repository\org\apache\groovy\groovy\4.0.22\groovy-4.0.22.jar;C:\Users\Tariq\.m2\repository\org\apache\groovy\groovy-xml\4.0.22\groovy-xml-4.0.22.jar;C:\Users\Tariq\.m2\repository\org\apache\httpcomponents\httpclient\4.5.13\httpclient-4.5.13.jar;C:\Users\Tariq\.m2\repository\org\apache\httpcomponents\httpcore\4.4.13\httpcore-4.4.13.jar;C:\Users\Tariq\.m2\repository\commons-logging\commons-logging\1.2\commons-logging-1.2.jar;C:\Users\Tariq\.m2\repository\commons-codec\commons-codec\1.11\commons-codec-1.11.jar;C:\Users\Tariq\.m2\repository\org\apache\httpcomponents\httpmime\4.5.13\httpmime-4.5.13.jar;C:\Users\Tariq\.m2\repository\org\hamcrest\hamcrest\2.2\hamcrest-2.2.jar;C:\Users\Tariq\.m2\repository\org\ccil\cowan\tagsoup\tagsoup\1.2.1\tagsoup-1.2.1.jar;C:\Users\Tariq\.m2\repository\io\rest-assured\json-path\5.5.0\json-path-5.5.0.jar;C:\Users\Tariq\.m2\repository\org\apache\groovy\groovy-json\4.0.22\groovy-json-4.0.22.jar;C:\Users\Tariq\.m2\repository\io\rest-assured\rest-assured-common\5.5.0\rest-assured-common-5.5.0.jar;C:\Users\Tariq\.m2\repository\io\rest-assured\xml-path\5.5.0\xml-path-5.5.0.jar;C:\Users\Tariq\.m2\repository\org\apache\commons\commons-lang3\3.11\commons-lang3-3.11.jar;C:\Users\Tariq\.m2\repository\org\testng\testng\7.10.2\testng-7.10.2.jar;C:\Users\Tariq\.m2\repository\org\slf4j\slf4j-api\1.7.36\slf4j-api-1.7.36.jar;C:\Users\Tariq\.m2\repository\com\beust\jcommander\1.82\jcommander-1.82.jar;C:\Users\Tariq\.m2\repository\org\webjars\jquery\3.7.1\jquery-3.7.1.jar;C:\Users\Tariq\.m2\repository\com\fasterxml\jackson\core\jackson-databind\2.18.0\jackson-databind-2.18.0.jar;C:\Users\Tariq\.m2\repository\com\fasterxml\jackson\core\jackson-annotations\2.18.0\jackson-annotations-2.18.0.jar;C:\Users\Tariq\.m2\repository\com\fasterxml\jackson\core\jackson-core\2.18.0\jackson-core-2.18.0.jar;C:\Users\Tariq\.m2\repository\io\rest-assured\json-schema-validator\5.4.0\json-schema-validator-5.4.0.jar;C:\Users\Tariq\.m2\repository\com\github\java-json-tools\json-schema-validator\2.2.14\json-schema-validator-2.2.14.jar;C:\Users\Tariq\.m2\repository\com\github\java-json-tools\jackson-coreutils-equivalence\1.0\jackson-coreutils-equivalence-1.0.jar;C:\Users\Tariq\.m2\repository\com\github\java-json-tools\jackson-coreutils\2.0\jackson-coreutils-2.0.jar;C:\Users\Tariq\.m2\repository\com\github\java-json-tools\msg-simple\1.2\msg-simple-1.2.jar;C:\Users\Tariq\.m2\repository\com\github\java-json-tools\btf\1.3\btf-1.3.jar;C:\Users\Tariq\.m2\repository\com\github\java-json-tools\json-schema-core\1.2.14\json-schema-core-1.2.14.jar;C:\Users\Tariq\.m2\repository\com\github\java-json-tools\uri-template\0.10\uri-template-0.10.jar;C:\Users\Tariq\.m2\repository\org\mozilla\rhino\1.7.7.2\rhino-1.7.7.2.jar;C:\Users\Tariq\.m2\repository\com\sun\mail\mailapi\1.6.2\mailapi-1.6.2.jar;C:\Users\Tariq\.m2\repository\joda-time\joda-time\2.10.5\joda-time-2.10.5.jar;C:\Users\Tariq\.m2\repository\com\googlecode\libphonenumber\libphonenumber\8.11.1\libphonenumber-8.11.1.jar;C:\Users\Tariq\.m2\repository\com\google\code\findbugs\jsr305\3.0.2\jsr305-3.0.2.jar;C:\Users\Tariq\.m2\repository\net\sf\jopt-simple\jopt-simple\5.0.4\jopt-simple-5.0.4.jar;C:\Users\Tariq\.m2\repository\com\google\guava\guava\32.0.1-jre\guava-32.0.1-jre.jar;C:\Users\Tariq\.m2\repository\com\google\guava\failureaccess\1.0.1\failureaccess-1.0.1.jar;C:\Users\Tariq\.m2\repository\com\google\guava\listenablefuture\9999.0-empty-to-avoid-conflict-with-guava\listenablefuture-9999.0-empty-to-avoid-conflict-with-guava.jar;C:\Users\Tariq\.m2\repository\org\checkerframework\checker-qual\3.33.0\checker-qual-3.33.0.jar;C:\Users\Tariq\.m2\repository\com\google\errorprone\error_prone_annotations\2.18.0\error_prone_annotations-2.18.0.jar;C:\Users\Tariq\.m2\repository\com\google\j2objc\j2objc-annotations\2.8\j2objc-annotations-2.8.jar;C:\Users\Tariq\.m2\repository\org\skyscreamer\jsonassert\1.5.3\jsonassert-1.5.3.jar;C:\Users\Tariq\.m2\repository\com\vaadin\external\google\android-json\0.0.20131108.vaadin1\android-json-0.0.20131108.vaadin1.jar;C:\Users\Tariq\.m2\repository\org\projectlombok\lombok\1.18.34\lombok-1.18.34.jar;C:\Users\Tariq\.m2\repository\io\qameta\allure\allure-testng\2.29.0\allure-testng-2.29.0.jar;C:\Users\Tariq\.m2\repository\io\qameta\allure\allure-java-commons\2.29.0\allure-java-commons-2.29.0.jar;C:\Users\Tariq\.m2\repository\io\qameta\allure\allure-model\2.29.0\allure-model-2.29.0.jar;C:\Users\Tariq\.m2\repository\io\qameta\allure\allure-test-filter\2.29.0\allure-test-filter-2.29.0.jar;C:\Users\Tariq\.m2\repository\io\qameta\allure\allure-rest-assured\2.29.0\allure-rest-assured-2.29.0.jar;C:\Users\Tariq\.m2\repository\io\qameta\allure\allure-attachments\2.29.0\allure-attachments-2.29.0.jar;C:\Users\Tariq\.m2\repository\org\freemarker\freemarker\2.3.33\freemarker-2.3.33.jar;"/>
    <property name="sun.cpu.endian" value="little"/>
    <property name="user.home" value="C:\Users\Tariq"/>
    <property name="user.language" value="en"/>
    <property name="java.specification.vendor" value="Oracle Corporation"/>
    <property name="java.version.date" value="2022-04-22"/>
    <property name="java.home" value="C:\Program Files\Java\jdk-18.0.1.1"/>
    <property name="file.separator" value="\"/>
    <property name="basedir" value="D:\RestAssured\Omprakash\RestAssuredFramework"/>
    <property name="java.vm.compressedOopsMode" value="32-bit"/>
    <property name="line.separator" value="&#10;"/>
    <property name="java.vm.specification.vendor" value="Oracle Corporation"/>
    <property name="java.specification.name" value="Java Platform API Specification"/>
    <property name="surefire.real.class.path" value="C:\Users\Tariq\AppData\Local\Temp\surefire15580667044406056698\surefirebooter-20241102134513330_3.jar"/>
    <property name="user.script" value=""/>
    <property name="sun.management.compiler" value="HotSpot 64-Bit Tiered Compilers"/>
    <property name="java.runtime.version" value="18.0.1.1+2-6"/>
    <property name="user.name" value="Tariq"/>
    <property name="path.separator" value=";"/>
    <property name="os.version" value="10.0"/>
    <property name="java.runtime.name" value="Java(TM) SE Runtime Environment"/>
    <property name="file.encoding" value="UTF-8"/>
    <property name="java.vm.name" value="Java HotSpot(TM) 64-Bit Server VM"/>
    <property name="localRepository" value="C:\Users\Tariq\.m2\repository"/>
    <property name="java.vendor.url.bug" value="https://bugreport.java.com/bugreport/"/>
    <property name="java.io.tmpdir" value="C:\Users\Tariq\AppData\Local\Temp\"/>
    <property name="java.version" value="18.0.1.1"/>
    <property name="user.dir" value="D:\RestAssured\Omprakash\RestAssuredFramework"/>
    <property name="os.arch" value="amd64"/>
    <property name="java.vm.specification.name" value="Java Virtual Machine Specification"/>
    <property name="sun.os.patch.level" value=""/>
    <property name="native.encoding" value="Cp1252"/>
    <property name="java.library.path" value="C:\Program Files\Java\jdk-18.0.1.1\bin;C:\WINDOWS\Sun\Java\bin;C:\WINDOWS\system32;C:\WINDOWS;C:\Program Files\Common Files\Oracle\Java\javapath;C:\WINDOWS\system32;C:\WINDOWS;C:\WINDOWS\System32\Wbem;C:\WINDOWS\System32\WindowsPowerShell\v1.0\;C:\WINDOWS\System32\OpenSSH\;C:\Program Files\Microsoft SQL Server\150\Tools\Binn\;C:\Program Files\apache-maven-3.9.4-bin\apache-maven-3.9.4\bin;C:\Program Files\Git\cmd;C:\Program Files\Git\mingw64\bin;C:\Program Files\Git\usr\bin;C:\strawberry\c\bin;C:\strawberry\perl\bin;C:\Program Files\nodejs\;C:\Users\Tariq\Allure Report\allure-2.30.0\bin;C:\Program Files\Java\jdk-18.0.1.1\bin;C:\Program Files\MySQL\MySQL Shell 8.0\bin\;C:\Users\Tariq\AppData\Local\Microsoft\WindowsApps;C:\Users\Tariq\AppData\Local\Programs\Microsoft VS Code\bin;C:\Users\Tariq\AppData\Roaming\npm;."/>
    <property name="java.vm.info" value="mixed mode, sharing"/>
    <property name="java.vendor" value="Oracle Corporation"/>
    <property name="java.vm.version" value="18.0.1.1+2-6"/>
    <property name="sun.io.unicode.encoding" value="UnicodeLittle"/>
    <property name="java.class.version" value="62.0"/>
  </properties>
  <testcase name="ShouldBeAbleToCreatePlaylist" classname="com.spotify.oauth2.tests.PlaylistTests" time="5.117">
    <system-out><![CDATA[Renewing Token..
Request method:	POST
Request URI:	https://accounts.spotify.com/api/token
Proxy:			<none>
Request params:	<none>
Query params:	<none>
Form params:	refresh_token=AQCihp1wbRnAQTWvt2CW4QZHUjfHgAxQuo0dsPHa7ATR9siu0M8tmVn__E_SvbpRQA6i5NGN4JCyH5OlhsteNR0Xal1lAI7OSXVbrmNR4xIE1zL7Ln93F3gThw6w527OdWw
				grant_type=refresh_token
				client_secret=c5f02866a18b4b4ab353006308b0ced6
				client_id=a67da5d057d84f4d91e8fe5dc057977d
Path params:	<none>
Headers:		Accept=*/*
				Content-Type=application/x-www-form-urlencoded; charset=ISO-8859-1
Cookies:		<none>
Multiparts:		<none>
Body:			<none>
HTTP/1.1 200 OK
date: Sat, 02 Nov 2024 08:15:19 GMT
content-type: application/json
vary: Accept-Encoding
x-request-id: 70c182f4-5f24-42ab-8d5a-fcf6c4bd03a5
set-cookie: __Host-device_id=AQDQBMgm4bfW-tvew-0r2zKERZvgmyqw4Rs4vRaC93WlW21QKcOBCGphh0f6D6zmv34fjUYlJH-xF_m_OAcTJG0S6e2OvLI2jlE;Version=1;Path=/;Max-Age=2147483647;Secure;HttpOnly;SameSite=Lax
set-cookie: sp_tr=false;Version=1;Domain=accounts.spotify.com;Path=/;Secure;SameSite=Lax
sp-trace-id: 05c69154e8e97dea
content-encoding: gzip
x-envoy-upstream-service-time: 25
server: envoy
strict-transport-security: max-age=31536000
x-content-type-options: nosniff
Via: HTTP/2 edgeproxy, 1.1 google
Alt-Svc: h3=":443"; ma=2592000,h3-29=":443"; ma=2592000
Transfer-Encoding: chunked

{
    "access_token": "BQDOkGxfWCa_vhCcsM5TTaB5xWLd6rryJQOoJx91dvkZpvZ9MAEoOiiN2z9eixW6y59-Y9w_yrbegTLm6byncFWw7KcksWbYbDl8Tjk9VfkHBAWTMyY6vsiMuX3theiHqN8CWGLebDNQcMZFnJvxKkDSA_DUmlL979WMHQcBp9EDhw1_38h_sir1R5GaVGVIsqErK1aN5n_UgfCrcDneRozW9Sqh37eZnydxBje20FlV-Qih_W2AJ0kM-P24bFN_3xfQkTNE4Yriz7E8NYlOc9gM",
    "token_type": "Bearer",
    "expires_in": 3600,
    "scope": "playlist-read-private playlist-read-collaborative playlist-modify-private playlist-modify-public"
}
Request method:	POST
Request URI:	https://api.spotify.com/v1/users/31riagxrmqgrxbxp3og5lon5zvvm/playlists
Proxy:			<none>
Request params:	<none>
Query params:	<none>
Form params:	<none>
Path params:	<none>
Headers:		Authorization=Bearer BQDOkGxfWCa_vhCcsM5TTaB5xWLd6rryJQOoJx91dvkZpvZ9MAEoOiiN2z9eixW6y59-Y9w_yrbegTLm6byncFWw7KcksWbYbDl8Tjk9VfkHBAWTMyY6vsiMuX3theiHqN8CWGLebDNQcMZFnJvxKkDSA_DUmlL979WMHQcBp9EDhw1_38h_sir1R5GaVGVIsqErK1aN5n_UgfCrcDneRozW9Sqh37eZnydxBje20FlV-Qih_W2AJ0kM-P24bFN_3xfQkTNE4Yriz7E8NYlOc9gM
				Accept=*/*
				Content-Type=application/json
Cookies:		<none>
Multiparts:		<none>
Body:
{
    "description": "New playlist description",
    "name": "New Playlist",
    "public": false
}
HTTP/1.1 201 Created
content-type: application/json; charset=utf-8
cache-control: private, max-age=0
x-robots-tag: noindex, nofollow
access-control-allow-origin: *
access-control-allow-headers: Accept, App-Platform, Authorization, Content-Type, Origin, Retry-After, Spotify-App-Version, X-Cloud-Trace-Context, client-token, content-access-token
access-control-allow-methods: GET, POST, OPTIONS, PUT, DELETE, PATCH
access-control-allow-credentials: true
access-control-max-age: 604800
content-encoding: gzip
strict-transport-security: max-age=31536000
x-content-type-options: nosniff
date: Sat, 02 Nov 2024 08:15:20 GMT
server: envoy
Via: HTTP/2 edgeproxy, 1.1 google
Alt-Svc: h3=":443"; ma=2592000,h3-29=":443"; ma=2592000
Transfer-Encoding: chunked

{
    "collaborative": false,
    "description": "New playlist description",
    "external_urls": {
        "spotify": "https://open.spotify.com/playlist/1okBxCbI75qhShstB6P5Nf"
    },
    "followers": {
        "href": null,
        "total": 0
    },
    "href": "https://api.spotify.com/v1/playlists/1okBxCbI75qhShstB6P5Nf",
    "id": "1okBxCbI75qhShstB6P5Nf",
    "images": [
        
    ],
    "primary_color": null,
    "name": "New Playlist",
    "type": "playlist",
    "uri": "spotify:playlist:1okBxCbI75qhShstB6P5Nf",
    "owner": {
        "href": "https://api.spotify.com/v1/users/31riagxrmqgrxbxp3og5lon5zvvm",
        "id": "31riagxrmqgrxbxp3og5lon5zvvm",
        "type": "user",
        "uri": "spotify:user:31riagxrmqgrxbxp3og5lon5zvvm",
        "display_name": null,
        "external_urls": {
            "spotify": "https://open.spotify.com/user/31riagxrmqgrxbxp3og5lon5zvvm"
        }
    },
    "public": false,
    "snapshot_id": "AAAAKVaxaBc8tuM+u0MW/C5CGKKW15ee",
    "tracks": {
        "limit": 100,
        "next": null,
        "offset": 0,
        "previous": null,
        "href": "https://api.spotify.com/v1/playlists/1okBxCbI75qhShstB6P5Nf/tracks",
        "total": 0,
        "items": [
            
        ]
    }
}
]]></system-out>
    <system-err><![CDATA[SLF4J: Failed to load class "org.slf4j.impl.StaticLoggerBinder".
SLF4J: Defaulting to no-operation (NOP) logger implementation
SLF4J: See http://www.slf4j.org/codes.html#StaticLoggerBinder for further details.
]]></system-err>
  </testcase>
  <testcase name="ShouldBeAbleToGetPlaylist" classname="com.spotify.oauth2.tests.PlaylistTests" time="0.275">
    <system-out><![CDATA[Token is good to use
Request method:	GET
Request URI:	https://api.spotify.com/v1/playlists/1WTK34AP0Wr9rNSytCE7iC
Proxy:			<none>
Request params:	<none>
Query params:	<none>
Form params:	<none>
Path params:	<none>
Headers:		Authorization=Bearer BQDOkGxfWCa_vhCcsM5TTaB5xWLd6rryJQOoJx91dvkZpvZ9MAEoOiiN2z9eixW6y59-Y9w_yrbegTLm6byncFWw7KcksWbYbDl8Tjk9VfkHBAWTMyY6vsiMuX3theiHqN8CWGLebDNQcMZFnJvxKkDSA_DUmlL979WMHQcBp9EDhw1_38h_sir1R5GaVGVIsqErK1aN5n_UgfCrcDneRozW9Sqh37eZnydxBje20FlV-Qih_W2AJ0kM-P24bFN_3xfQkTNE4Yriz7E8NYlOc9gM
				Accept=*/*
				Content-Type=application/json
Cookies:		<none>
Multiparts:		<none>
Body:			<none>
HTTP/1.1 200 OK
content-type: application/json; charset=utf-8
cache-control: public, max-age=0
etag: "MC-ImMyY2Y2NjU0ODkwOTcxNmZmMDUwYmMzNTRjNDFkNDM3Ig=="
x-robots-tag: noindex, nofollow
access-control-allow-origin: *
access-control-allow-headers: Accept, App-Platform, Authorization, Content-Type, Origin, Retry-After, Spotify-App-Version, X-Cloud-Trace-Context, client-token, content-access-token
access-control-allow-methods: GET, POST, OPTIONS, PUT, DELETE, PATCH
access-control-allow-credentials: true
access-control-max-age: 604800
content-encoding: gzip
strict-transport-security: max-age=31536000
x-content-type-options: nosniff
date: Sat, 02 Nov 2024 08:15:20 GMT
server: envoy
Via: HTTP/2 edgeproxy, 1.1 google
Alt-Svc: h3=":443"; ma=2592000,h3-29=":443"; ma=2592000
Transfer-Encoding: chunked

{
    "collaborative": false,
    "description": "Updated playlist description",
    "external_urls": {
        "spotify": "https://open.spotify.com/playlist/1WTK34AP0Wr9rNSytCE7iC"
    },
    "followers": {
        "href": null,
        "total": 0
    },
    "href": "https://api.spotify.com/v1/playlists/1WTK34AP0Wr9rNSytCE7iC",
    "id": "1WTK34AP0Wr9rNSytCE7iC",
    "images": null,
    "name": "Updated Playlist Name",
    "owner": {
        "display_name": "Tariq",
        "external_urls": {
            "spotify": "https://open.spotify.com/user/31riagxrmqgrxbxp3og5lon5zvvm"
        },
        "href": "https://api.spotify.com/v1/users/31riagxrmqgrxbxp3og5lon5zvvm",
        "id": "31riagxrmqgrxbxp3og5lon5zvvm",
        "type": "user",
        "uri": "spotify:user:31riagxrmqgrxbxp3og5lon5zvvm"
    },
    "primary_color": null,
    "public": true,
    "snapshot_id": "AAAAAnjsoZZYf/n/74E2s2Oei5BmHBsi",
    "tracks": {
        "href": "https://api.spotify.com/v1/playlists/1WTK34AP0Wr9rNSytCE7iC/tracks?offset=0&limit=0",
        "items": [
            
        ],
        "limit": 0,
        "next": null,
        "offset": 0,
        "previous": null,
        "total": 0
    },
    "type": "playlist",
    "uri": "spotify:playlist:1WTK34AP0Wr9rNSytCE7iC"
}
]]></system-out>
  </testcase>
  <testcase name="ShouldBeAbleToUpdatePlaylist" classname="com.spotify.oauth2.tests.PlaylistTests" time="0.266">
    <system-out><![CDATA[Token is good to use
Request method:	PUT
Request URI:	https://api.spotify.com/v1/playlists/2p7cquNGGq2UXNNL2BWxBQ
Proxy:			<none>
Request params:	<none>
Query params:	<none>
Form params:	<none>
Path params:	<none>
Headers:		Authorization=Bearer BQDOkGxfWCa_vhCcsM5TTaB5xWLd6rryJQOoJx91dvkZpvZ9MAEoOiiN2z9eixW6y59-Y9w_yrbegTLm6byncFWw7KcksWbYbDl8Tjk9VfkHBAWTMyY6vsiMuX3theiHqN8CWGLebDNQcMZFnJvxKkDSA_DUmlL979WMHQcBp9EDhw1_38h_sir1R5GaVGVIsqErK1aN5n_UgfCrcDneRozW9Sqh37eZnydxBje20FlV-Qih_W2AJ0kM-P24bFN_3xfQkTNE4Yriz7E8NYlOc9gM
				Accept=*/*
				Content-Type=application/json
Cookies:		<none>
Multiparts:		<none>
Body:
{
    "description": "New playlist description",
    "name": "New Playlist",
    "public": false
}
HTTP/1.1 200 OK
cache-control: private, max-age=0
x-robots-tag: noindex, nofollow
access-control-allow-origin: *
access-control-allow-headers: Accept, App-Platform, Authorization, Content-Type, Origin, Retry-After, Spotify-App-Version, X-Cloud-Trace-Context, client-token, content-access-token
access-control-allow-methods: GET, POST, OPTIONS, PUT, DELETE, PATCH
access-control-allow-credentials: true
access-control-max-age: 604800
Content-Length: 0
strict-transport-security: max-age=31536000
x-content-type-options: nosniff
date: Sat, 02 Nov 2024 08:15:21 GMT
server: envoy
Via: HTTP/2 edgeproxy, 1.1 google
Alt-Svc: h3=":443"; ma=2592000,h3-29=":443"; ma=2592000
]]></system-out>
  </testcase>
  <testcase name="ShouldNotBeAbleToCreatePlaylistWithExpiredToken" classname="com.spotify.oauth2.tests.PlaylistTests" time="0.173">
    <system-out><![CDATA[Request method:	POST
Request URI:	https://api.spotify.com/v1/users/31riagxrmqgrxbxp3og5lon5zvvm/playlists
Proxy:			<none>
Request params:	<none>
Query params:	<none>
Form params:	<none>
Path params:	<none>
Headers:		Authorization=Bearer dummyvalue12345
				Accept=*/*
				Content-Type=application/json
Cookies:		<none>
Multiparts:		<none>
Body:
{
    "description": "New playlist description",
    "name": "New Playlist",
    "public": false
}
HTTP/1.1 401 Unauthorized
www-authenticate: Bearer realm="spotify", error="invalid_token", error_description="Invalid access token"
access-control-allow-origin: *
access-control-allow-headers: Accept, App-Platform, Authorization, Content-Type, Origin, Retry-After, Spotify-App-Version, X-Cloud-Trace-Context, client-token, content-access-token
access-control-allow-methods: GET, POST, OPTIONS, PUT, DELETE, PATCH
access-control-allow-credentials: true
access-control-max-age: 604800
content-type: application/json
content-encoding: gzip
strict-transport-security: max-age=31536000
x-content-type-options: nosniff
date: Sat, 02 Nov 2024 08:15:21 GMT
server: envoy
Via: HTTP/2 edgeproxy, 1.1 google
Alt-Svc: h3=":443"; ma=2592000,h3-29=":443"; ma=2592000
Transfer-Encoding: chunked

{
    "error": {
        "status": 401,
        "message": "Invalid access token"
    }
}
]]></system-out>
  </testcase>
  <testcase name="ShouldNotBeAbleToCreatePlaylistWithoutName" classname="com.spotify.oauth2.tests.PlaylistTests" time="0.185">
    <system-out><![CDATA[Token is good to use
Request method:	POST
Request URI:	https://api.spotify.com/v1/users/31riagxrmqgrxbxp3og5lon5zvvm/playlists
Proxy:			<none>
Request params:	<none>
Query params:	<none>
Form params:	<none>
Path params:	<none>
Headers:		Authorization=Bearer BQDOkGxfWCa_vhCcsM5TTaB5xWLd6rryJQOoJx91dvkZpvZ9MAEoOiiN2z9eixW6y59-Y9w_yrbegTLm6byncFWw7KcksWbYbDl8Tjk9VfkHBAWTMyY6vsiMuX3theiHqN8CWGLebDNQcMZFnJvxKkDSA_DUmlL979WMHQcBp9EDhw1_38h_sir1R5GaVGVIsqErK1aN5n_UgfCrcDneRozW9Sqh37eZnydxBje20FlV-Qih_W2AJ0kM-P24bFN_3xfQkTNE4Yriz7E8NYlOc9gM
				Accept=*/*
				Content-Type=application/json
Cookies:		<none>
Multiparts:		<none>
Body:
{
    "description": "New playlist description",
    "name": "",
    "public": false
}
HTTP/1.1 400 Bad Request
content-type: application/json; charset=utf-8
cache-control: private, max-age=0
access-control-allow-origin: *
access-control-allow-headers: Accept, App-Platform, Authorization, Content-Type, Origin, Retry-After, Spotify-App-Version, X-Cloud-Trace-Context, client-token, content-access-token
access-control-allow-methods: GET, POST, OPTIONS, PUT, DELETE, PATCH
access-control-allow-credentials: true
access-control-max-age: 604800
content-encoding: gzip
strict-transport-security: max-age=31536000
x-content-type-options: nosniff
date: Sat, 02 Nov 2024 08:15:21 GMT
server: envoy
Via: HTTP/2 edgeproxy, 1.1 google
Alt-Svc: h3=":443"; ma=2592000,h3-29=":443"; ma=2592000
Transfer-Encoding: chunked

{
    "error": {
        "status": 400,
        "message": "Missing required field: name"
    }
}
]]></system-out>
  </testcase>
</testsuite>