<?xml version="1.0" encoding="UTF-8"?>
<!-- Generated by org.testng.reporters.JUnitReportReporter -->
<testsuite hostname="LAPTOP-2EUUN60H" failures="0" tests="5" name="com.spotify.oauth2.tests.PlaylistTests" time="5.712" errors="0" timestamp="2024-11-01T18:40:13 IST" skipped="0">
  <testcase classname="com.spotify.oauth2.tests.PlaylistTests" name="ShouldBeAbleToCreatePlaylist" time="4.820"/>
  <testcase classname="com.spotify.oauth2.tests.PlaylistTests" name="ShouldBeAbleToUpdatePlaylist" time="0.244"/>
  <testcase classname="com.spotify.oauth2.tests.PlaylistTests" name="ShouldNotBeAbleToCreatePlaylistWithExpiredToken" time="0.185"/>
  <testcase classname="com.spotify.oauth2.tests.PlaylistTests" name="ShouldBeAbleToGetPlaylist" time="0.281"/>
  <testcase classname="com.spotify.oauth2.tests.PlaylistTests" name="ShouldNotBeAbleToCreatePlaylistWithoutName" time="0.182"/>
</testsuite> <!-- com.spotify.oauth2.tests.PlaylistTests -->
