<?xml version="1.0" encoding="UTF-8"?>
<!-- Generated by org.testng.reporters.JUnitReportReporter -->
<testsuite hostname="LAPTOP-2EUUN60H" failures="0" tests="1" name="spotify.oauth2.tests.PlaylistTests" time="3.572" errors="0" timestamp="2024-10-31T12:16:37 IST" skipped="0">
  <testcase classname="spotify.oauth2.tests.PlaylistTests" name="ShouldBeAbleToGetPlaylist" time="3.572"/>
</testsuite> <!-- spotify.oauth2.tests.PlaylistTests -->
