<?xml version="1.0" encoding="UTF-8"?>
<!-- Generated by org.testng.reporters.JUnitReportReporter -->
<testsuite hostname="LAPTOP-2EUUN60H" failures="0" tests="5" name="com.spotify.oauth2.tests.PlaylistTests" time="6.579" errors="0" timestamp="2024-10-31T17:39:18 IST" skipped="0">
  <testcase classname="com.spotify.oauth2.tests.PlaylistTests" name="ShouldBeAbleToCreatePlaylist" time="5.049"/>
  <testcase classname="com.spotify.oauth2.tests.PlaylistTests" name="ShouldBeAbleToUpdatePlaylist" time="0.423"/>
  <testcase classname="com.spotify.oauth2.tests.PlaylistTests" name="ShouldNotBeAbleToCreatePlaylistWithExpiredToken" time="0.201"/>
  <testcase classname="com.spotify.oauth2.tests.PlaylistTests" name="ShouldNotBeAbleToCreatePlaylistWithoutName" time="0.187"/>
  <testcase classname="com.spotify.oauth2.tests.PlaylistTests" name="ShouldBeAbleToGetPlaylist" time="0.719"/>
</testsuite> <!-- com.spotify.oauth2.tests.PlaylistTests -->
