<?xml version="1.0" encoding="UTF-8"?>
<!-- Generated by org.testng.reporters.JUnitReportReporter -->
<testsuite hostname="LAPTOP-2EUUN60H" failures="0" tests="5" name="com.spotify.oauth2.tests.PlaylistTests" time="10.271" errors="0" timestamp="2024-11-02T17:14:32 IST" skipped="0">
  <testcase classname="com.spotify.oauth2.tests.PlaylistTests" name="ShouldBeAbleToCreatePlaylist" time="7.930"/>
  <testcase classname="com.spotify.oauth2.tests.PlaylistTests" name="ShouldBeAbleToGetPlaylist" time="0.978"/>
  <testcase classname="com.spotify.oauth2.tests.PlaylistTests" name="ShouldNotBeAbleToCreatePlaylistWithoutName" time="0.509"/>
  <testcase classname="com.spotify.oauth2.tests.PlaylistTests" name="ShouldNotBeAbleToCreatePlaylistWithExpiredToken" time="0.320"/>
  <testcase classname="com.spotify.oauth2.tests.PlaylistTests" name="ShouldBeAbleToUpdatePlaylist" time="0.534"/>
</testsuite> <!-- com.spotify.oauth2.tests.PlaylistTests -->
